C:\USERS\TRISTANPASHAJ\DESKTOP\3D3 PROJECT\VISUALSTUDIO\PROJECTS\DATALINKTRANSMITTER\DATALINKTRANSMITTER\DEBUG\DATALINKTRANSMITTER.OBJ
C:\USERS\TRISTANPASHAJ\DESKTOP\3D3 PROJECT\VISUALSTUDIO\PROJECTS\DATALINKTRANSMITTER\DATALINKTRANSMITTER\DEBUG\STDAFX.OBJ
C:\USERS\TRISTANPASHAJ\DESKTOP\3D3 PROJECT\VISUALSTUDIO\PROJECTS\DATALINKTRANSMITTER\DATALINKTRANSMITTER\DEBUG\VC110.PDB
C:\USERS\TRISTANPASHAJ\DESKTOP\3D3 PROJECT\VISUALSTUDIO\PROJECTS\DATALINKTRANSMITTER\DEBUG\DATALINKTRANSMITTER.EXE
C:\USERS\TRISTANPASHAJ\DESKTOP\3D3 PROJECT\VISUALSTUDIO\PROJECTS\DATALINKTRANSMITTER\DEBUG\DATALINKTRANSMITTER.PDB
C:\Users\tristanpashaj\Desktop\3D3 Project\VisualStudio\Projects\datalinktransmitter\datalinktransmitter\Debug\datalinktransmitter.obj
C:\Users\tristanpashaj\Desktop\3D3 Project\VisualStudio\Projects\datalinktransmitter\datalinktransmitter\Debug\stdafx.obj
C:\Users\tristanpashaj\Desktop\3D3 Project\VisualStudio\Projects\datalinktransmitter\datalinktransmitter\Debug\cl.command.1.tlog
C:\Users\tristanpashaj\Desktop\3D3 Project\VisualStudio\Projects\datalinktransmitter\datalinktransmitter\Debug\CL.read.1.tlog
C:\Users\tristanpashaj\Desktop\3D3 Project\VisualStudio\Projects\datalinktransmitter\datalinktransmitter\Debug\CL.write.1.tlog
C:\Users\tristanpashaj\Desktop\3D3 Project\VisualStudio\Projects\datalinktransmitter\datalinktransmitter\Debug\link-cvtres.read.1.tlog
C:\Users\tristanpashaj\Desktop\3D3 Project\VisualStudio\Projects\datalinktransmitter\datalinktransmitter\Debug\link-cvtres.write.1.tlog
C:\Users\tristanpashaj\Desktop\3D3 Project\VisualStudio\Projects\datalinktransmitter\datalinktransmitter\Debug\link-rc.read.1.tlog
C:\Users\tristanpashaj\Desktop\3D3 Project\VisualStudio\Projects\datalinktransmitter\datalinktransmitter\Debug\link-rc.write.1.tlog
C:\Users\tristanpashaj\Desktop\3D3 Project\VisualStudio\Projects\datalinktransmitter\datalinktransmitter\Debug\link.command.1.tlog
C:\Users\tristanpashaj\Desktop\3D3 Project\VisualStudio\Projects\datalinktransmitter\datalinktransmitter\Debug\link.read.1.tlog
C:\Users\tristanpashaj\Desktop\3D3 Project\VisualStudio\Projects\datalinktransmitter\datalinktransmitter\Debug\link.write.1.tlog
C:\Users\tristanpashaj\Desktop\3D3 Project\VisualStudio\Projects\datalinktransmitter\datalinktransmitter\Debug\vc110.idb
C:\Users\tristanpashaj\Desktop\3D3 Project\VisualStudio\Projects\datalinktransmitter\datalinktransmitter\Debug\vc110.pdb
C:\Users\tristanpashaj\Desktop\3D3 Project\VisualStudio\Projects\datalinktransmitter\Debug\datalinktransmitter.pdb
C:\Users\tristanpashaj\Desktop\3D3 Project\VisualStudio\Projects\datalinktransmitter\Debug\datalinktransmitter.exe
