C:\USERS\MAMACC\DOCUMENTS\VISUAL STUDIO 2010\PROJECTS\DATALINKRECEIVER\DATALINKRECEIVER\DEBUG\DATALINKRECEIVER.OBJ
C:\USERS\MAMACC\DOCUMENTS\VISUAL STUDIO 2010\PROJECTS\DATALINKRECEIVER\DATALINKRECEIVER\DEBUG\STDAFX.OBJ
C:\USERS\MAMACC\DOCUMENTS\VISUAL STUDIO 2010\PROJECTS\DATALINKRECEIVER\DATALINKRECEIVER\DEBUG\VC100.PDB
C:\USERS\TRISTANPASHAJ\DESKTOP\3D3 PROJECT\VISUALSTUDIO\PROJECTS\DATALINKRECEIVER\DATALINKRECEIVER\DEBUG\DATALINKRECEIVER.OBJ
C:\USERS\TRISTANPASHAJ\DESKTOP\3D3 PROJECT\VISUALSTUDIO\PROJECTS\DATALINKRECEIVER\DATALINKRECEIVER\DEBUG\STDAFX.OBJ
C:\USERS\TRISTANPASHAJ\DESKTOP\3D3 PROJECT\VISUALSTUDIO\PROJECTS\DATALINKRECEIVER\DATALINKRECEIVER\DEBUG\VC110.PDB
C:\USERS\MAMACC\DOCUMENTS\VISUAL STUDIO 2010\PROJECTS\DATALINKRECEIVER\DEBUG\DATALINKRECEIVER.EXE
C:\USERS\MAMACC\DOCUMENTS\VISUAL STUDIO 2010\PROJECTS\DATALINKRECEIVER\DATALINKRECEIVER\DEBUG\DATALINKRECEIVER.EXE.INTERMEDIATE.MANIFEST
C:\USERS\MAMACC\DOCUMENTS\VISUAL STUDIO 2010\PROJECTS\DATALINKRECEIVER\DEBUG\DATALINKRECEIVER.PDB
C:\USERS\MAMACC\DOCUMENTS\VISUAL STUDIO 2010\PROJECTS\DATALINKRECEIVER\DATALINKRECEIVER\DEBUG\DATALINKRECEIVER.EXE.EMBED.MANIFEST.RES
C:\Users\tristanpashaj\Desktop\3D3 Project\VisualStudio\Projects\datalinkreceiver\datalinkreceiver\Debug\datalinkreceiver.vcxprojResolveAssemblyReference.cache
C:\Users\tristanpashaj\Desktop\3D3 Project\VisualStudio\Projects\datalinkreceiver\datalinkreceiver\Debug\datalinkreceiver.obj
C:\Users\tristanpashaj\Desktop\3D3 Project\VisualStudio\Projects\datalinkreceiver\datalinkreceiver\Debug\stdafx.obj
C:\Users\tristanpashaj\Desktop\3D3 Project\VisualStudio\Projects\datalinkreceiver\datalinkreceiver\Debug\cl.command.1.tlog
C:\Users\tristanpashaj\Desktop\3D3 Project\VisualStudio\Projects\datalinkreceiver\datalinkreceiver\Debug\CL.read.1.tlog
C:\Users\tristanpashaj\Desktop\3D3 Project\VisualStudio\Projects\datalinkreceiver\datalinkreceiver\Debug\CL.write.1.tlog
C:\Users\tristanpashaj\Desktop\3D3 Project\VisualStudio\Projects\datalinkreceiver\datalinkreceiver\Debug\datalinkreceiver.write.1.tlog
C:\Users\tristanpashaj\Desktop\3D3 Project\VisualStudio\Projects\datalinkreceiver\datalinkreceiver\Debug\link-cvtres.read.1.tlog
C:\Users\tristanpashaj\Desktop\3D3 Project\VisualStudio\Projects\datalinkreceiver\datalinkreceiver\Debug\link-cvtres.write.1.tlog
C:\Users\tristanpashaj\Desktop\3D3 Project\VisualStudio\Projects\datalinkreceiver\datalinkreceiver\Debug\link-rc.read.1.tlog
C:\Users\tristanpashaj\Desktop\3D3 Project\VisualStudio\Projects\datalinkreceiver\datalinkreceiver\Debug\link-rc.write.1.tlog
C:\Users\tristanpashaj\Desktop\3D3 Project\VisualStudio\Projects\datalinkreceiver\datalinkreceiver\Debug\link.command.1.tlog
C:\Users\tristanpashaj\Desktop\3D3 Project\VisualStudio\Projects\datalinkreceiver\datalinkreceiver\Debug\link.read.1.tlog
C:\Users\tristanpashaj\Desktop\3D3 Project\VisualStudio\Projects\datalinkreceiver\datalinkreceiver\Debug\link.write.1.tlog
C:\Users\tristanpashaj\Desktop\3D3 Project\VisualStudio\Projects\datalinkreceiver\datalinkreceiver\Debug\mt.command.1.tlog
C:\Users\tristanpashaj\Desktop\3D3 Project\VisualStudio\Projects\datalinkreceiver\datalinkreceiver\Debug\mt.read.1.tlog
C:\Users\tristanpashaj\Desktop\3D3 Project\VisualStudio\Projects\datalinkreceiver\datalinkreceiver\Debug\mt.write.1.tlog
C:\Users\tristanpashaj\Desktop\3D3 Project\VisualStudio\Projects\datalinkreceiver\datalinkreceiver\Debug\rc.command.1.tlog
C:\Users\tristanpashaj\Desktop\3D3 Project\VisualStudio\Projects\datalinkreceiver\datalinkreceiver\Debug\rc.read.1.tlog
C:\Users\tristanpashaj\Desktop\3D3 Project\VisualStudio\Projects\datalinkreceiver\datalinkreceiver\Debug\rc.write.1.tlog
C:\Users\tristanpashaj\Desktop\3D3 Project\VisualStudio\Projects\datalinkreceiver\datalinkreceiver\Debug\datalinkreceiver.exe.embed.manifest
C:\Users\tristanpashaj\Desktop\3D3 Project\VisualStudio\Projects\datalinkreceiver\datalinkreceiver\Debug\datalinkreceiver.exe.intermediate.manifest
C:\Users\tristanpashaj\Desktop\3D3 Project\VisualStudio\Projects\datalinkreceiver\datalinkreceiver\Debug\datalinkreceiver.exe.embed.manifest.res
C:\Users\tristanpashaj\Desktop\3D3 Project\VisualStudio\Projects\datalinkreceiver\datalinkreceiver\Debug\vc100.idb
C:\Users\tristanpashaj\Desktop\3D3 Project\VisualStudio\Projects\datalinkreceiver\datalinkreceiver\Debug\vc110.idb
C:\Users\tristanpashaj\Desktop\3D3 Project\VisualStudio\Projects\datalinkreceiver\datalinkreceiver\Debug\vc100.pdb
C:\Users\tristanpashaj\Desktop\3D3 Project\VisualStudio\Projects\datalinkreceiver\datalinkreceiver\Debug\vc110.pdb
C:\Users\tristanpashaj\Desktop\3D3 Project\VisualStudio\Projects\datalinkreceiver\datalinkreceiver\Debug\datalinkreceiver_manifest.rc
C:\Users\tristanpashaj\Desktop\3D3 Project\VisualStudio\Projects\datalinkreceiver\Debug\datalinkreceiver.pdb
