


ARM Macro Assembler    Page 1 


    1 00000000                 AREA             FirstProgram, CODE, READONLY
    2 00000000                 IMPORT           main
    3 00000000                 EXPORT           start
    4 00000000         
    5 00000000         start
    6 00000000 E59F0030        LDR              r0, =0x6000069F ; input number
    7 00000004 E3A0101F        LDR              r1, =31     ; while condition
    8 00000008 E3A02001        LDR              r2, =1      ; masking bit
    9 0000000C E3A03000        MOV              r3, #0      ; inverted output
   10 00000010         
   11 00000010 E3510000 
                       while1  CMP              R1, #0      ; while (y != 0) {
   12 00000014 0A000006        BEQ              endwh1
   13 00000018 E3A02001        MOV              r2,#1       ;reset mask
   14 0000001C E0022000        AND              r2,r0       ;mask input
   15 00000020 E1A000A0        MOV              r0,r0,LSR#1
   16 00000024 E1A02112        MOV              r2,r2,LSL r1 ;shift by 31,30,29
                                                            ..etc.
   17 00000028 E0823003        ADD              r3,r2,r3    ;add into correspon
                                                            ding answer bit
   18 0000002C E2511001        SUBS             r1, r1, #1  ;  y = y - 1
   19 00000030 EAFFFFF6        B                while1      ; }
   20 00000034         endwh1
   21 00000034         
   22 00000034         
   23 00000034 EAFFFFFE 
                       stop    B                stop
   24 00000038         
   25 00000038                 END
              6000069F 
Command Line: --debug --xref --apcs=interwork --depend=.\firstprogram.d -o.\fir
stprogram.o -IC:\Keil\ARM\RV31\INC -IC:\Keil\ARM\CMSIS\Include -IC:\Keil\ARM\In
c\Philips --predefine="__EVAL SETA 1" --predefine="__MICROLIB SETA 1" --predefi
ne="NO_CLOCK_SETUP SETA 1" --predefine="NO_EMC_SETUP SETA 1" --predefine="RAM_I
NTVEC SETA 1" --predefine="RAM_MODE SETA 1" --predefine="REMAP SETA 1" --list=.
\firstprogram.lst FirstProgram.s



ARM Macro Assembler    Page 1 Alphabetic symbol ordering
Relocatable symbols

FirstProgram 00000000

Symbol: FirstProgram
   Definitions
      At line 1 in file FirstProgram.s
   Uses
      None
Comment: FirstProgram unused
endwh1 00000034

Symbol: endwh1
   Definitions
      At line 20 in file FirstProgram.s
   Uses
      At line 12 in file FirstProgram.s
Comment: endwh1 used once
start 00000000

Symbol: start
   Definitions
      At line 5 in file FirstProgram.s
   Uses
      At line 3 in file FirstProgram.s
Comment: start used once
stop 00000034

Symbol: stop
   Definitions
      At line 23 in file FirstProgram.s
   Uses
      At line 23 in file FirstProgram.s
Comment: stop used once
while1 00000010

Symbol: while1
   Definitions
      At line 11 in file FirstProgram.s
   Uses
      At line 19 in file FirstProgram.s
Comment: while1 used once
5 symbols



ARM Macro Assembler    Page 1 Alphabetic symbol ordering
External symbols

main 00000000

Symbol: main
   Definitions
      At line 2 in file FirstProgram.s
   Uses
      None
Comment: main unused
1 symbol
345 symbols in table
