This is pdfTeX, Version 3.1415926-2.5-1.40.14 (TeX Live 2013/Debian) (format=pdflatex 2015.6.24)  19 NOV 2015 15:02
entering extended mode
 restricted \write18 enabled.
 %&-line parsing enabled.
**st2004.tex
(./st2004.tex
LaTeX2e <2011/06/27>
Babel <3.9h> and hyphenation patterns for 4 languages loaded.
(/usr/share/texlive/texmf-dist/tex/latex/base/article.cls
Document Class: article 2007/10/19 v1.4h Standard LaTeX document class
(/usr/share/texlive/texmf-dist/tex/latex/base/size12.clo
File: size12.clo 2007/10/19 v1.4h Standard LaTeX file (size option)
)
\c@part=\count79
\c@section=\count80
\c@subsection=\count81
\c@subsubsection=\count82
\c@paragraph=\count83
\c@subparagraph=\count84
\c@figure=\count85
\c@table=\count86
\abovecaptionskip=\skip41
\belowcaptionskip=\skip42
\bibindent=\dimen102
)
(/usr/share/texlive/texmf-dist/tex/generic/babel/babel.sty
Package: babel 2013/12/03 3.9h The Babel package

(/usr/share/texlive/texmf-dist/tex/generic/babel-english/english.ldf
Language: english 2012/08/20 v3.3p English support from the babel system

(/usr/share/texlive/texmf-dist/tex/generic/babel/babel.def
File: babel.def 2013/12/03 3.9h Babel common definitions
\babel@savecnt=\count87
\U@D=\dimen103
)
\l@canadian = a dialect from \language\l@american 
\l@australian = a dialect from \language\l@british 
\l@newzealand = a dialect from \language\l@british 
))
(/usr/share/texlive/texmf-dist/tex/latex/base/inputenc.sty
Package: inputenc 2008/03/30 v1.1d Input encoding file
\inpenc@prehook=\toks14
\inpenc@posthook=\toks15

(/usr/share/texlive/texmf-dist/tex/latex/ucs/utf8x.def
File: utf8x.def 2004/10/17 UCS: Input encoding UTF-8
))
(/usr/share/texlive/texmf-dist/tex/latex/ucs/ucs.sty
Package: ucs 2013/05/11 v2.2 UCS: Unicode input support

(/usr/share/texlive/texmf-dist/tex/latex/ucs/data/uni-global.def
File: uni-global.def 2013/05/13 UCS: Unicode global data
)
\uc@secondtry=\count88
\uc@combtoks=\toks16
\uc@combtoksb=\toks17
\uc@temptokena=\toks18
)
(/usr/share/texlive/texmf-dist/tex/latex/amsmath/amsmath.sty
Package: amsmath 2013/01/14 v2.14 AMS math features
\@mathmargin=\skip43

For additional information on amsmath, use the `?' option.
(/usr/share/texlive/texmf-dist/tex/latex/amsmath/amstext.sty
Package: amstext 2000/06/29 v2.01

(/usr/share/texlive/texmf-dist/tex/latex/amsmath/amsgen.sty
File: amsgen.sty 1999/11/30 v2.0
\@emptytoks=\toks19
\ex@=\dimen104
))
(/usr/share/texlive/texmf-dist/tex/latex/amsmath/amsbsy.sty
Package: amsbsy 1999/11/29 v1.2d
\pmbraise@=\dimen105
)
(/usr/share/texlive/texmf-dist/tex/latex/amsmath/amsopn.sty
Package: amsopn 1999/12/14 v2.01 operator names
)
\inf@bad=\count89
LaTeX Info: Redefining \frac on input line 210.
\uproot@=\count90
\leftroot@=\count91
LaTeX Info: Redefining \overline on input line 306.
\classnum@=\count92
\DOTSCASE@=\count93
LaTeX Info: Redefining \ldots on input line 378.
LaTeX Info: Redefining \dots on input line 381.
LaTeX Info: Redefining \cdots on input line 466.
\Mathstrutbox@=\box26
\strutbox@=\box27
\big@size=\dimen106
LaTeX Font Info:    Redeclaring font encoding OML on input line 566.
LaTeX Font Info:    Redeclaring font encoding OMS on input line 567.
\macc@depth=\count94
\c@MaxMatrixCols=\count95
\dotsspace@=\muskip10
\c@parentequation=\count96
\dspbrk@lvl=\count97
\tag@help=\toks20
\row@=\count98
\column@=\count99
\maxfields@=\count100
\andhelp@=\toks21
\eqnshift@=\dimen107
\alignsep@=\dimen108
\tagshift@=\dimen109
\tagwidth@=\dimen110
\totwidth@=\dimen111
\lineht@=\dimen112
\@envbody=\toks22
\multlinegap=\skip44
\multlinetaggap=\skip45
\mathdisplay@stack=\toks23
LaTeX Info: Redefining \[ on input line 2665.
LaTeX Info: Redefining \] on input line 2666.
)
(/usr/share/texlive/texmf-dist/tex/latex/graphics/graphicx.sty
Package: graphicx 1999/02/16 v1.0f Enhanced LaTeX Graphics (DPC,SPQR)

(/usr/share/texlive/texmf-dist/tex/latex/graphics/keyval.sty
Package: keyval 1999/03/16 v1.13 key=value parser (DPC)
\KV@toks@=\toks24
)
(/usr/share/texlive/texmf-dist/tex/latex/graphics/graphics.sty
Package: graphics 2009/02/05 v1.0o Standard LaTeX Graphics (DPC,SPQR)

(/usr/share/texlive/texmf-dist/tex/latex/graphics/trig.sty
Package: trig 1999/03/16 v1.09 sin cos tan (DPC)
)
(/usr/share/texlive/texmf-dist/tex/latex/latexconfig/graphics.cfg
File: graphics.cfg 2010/04/23 v1.9 graphics configuration of TeX Live
)
Package graphics Info: Driver file: pdftex.def on input line 91.

(/usr/share/texlive/texmf-dist/tex/latex/pdftex-def/pdftex.def
File: pdftex.def 2011/05/27 v0.06d Graphics/color for pdfTeX

(/usr/share/texlive/texmf-dist/tex/generic/oberdiek/infwarerr.sty
Package: infwarerr 2010/04/08 v1.3 Providing info/warning/error messages (HO)
)
(/usr/share/texlive/texmf-dist/tex/generic/oberdiek/ltxcmds.sty
Package: ltxcmds 2011/11/09 v1.22 LaTeX kernel commands for general use (HO)
)
\Gread@gobject=\count101
))
\Gin@req@height=\dimen113
\Gin@req@width=\dimen114
)
(/usr/share/texlive/texmf-dist/tex/latex/geometry/geometry.sty
Package: geometry 2010/09/12 v5.6 Page Geometry

(/usr/share/texlive/texmf-dist/tex/generic/oberdiek/ifpdf.sty
Package: ifpdf 2011/01/30 v2.3 Provides the ifpdf switch (HO)
Package ifpdf Info: pdfTeX in PDF mode is detected.
)
(/usr/share/texlive/texmf-dist/tex/generic/oberdiek/ifvtex.sty
Package: ifvtex 2010/03/01 v1.5 Detect VTeX and its facilities (HO)
Package ifvtex Info: VTeX not detected.
)
(/usr/share/texlive/texmf-dist/tex/generic/ifxetex/ifxetex.sty
Package: ifxetex 2010/09/12 v0.6 Provides ifxetex conditional
)
\Gm@cnth=\count102
\Gm@cntv=\count103
\c@Gm@tempcnt=\count104
\Gm@bindingoffset=\dimen115
\Gm@wd@mp=\dimen116
\Gm@odd@mp=\dimen117
\Gm@even@mp=\dimen118
\Gm@layoutwidth=\dimen119
\Gm@layoutheight=\dimen120
\Gm@layouthoffset=\dimen121
\Gm@layoutvoffset=\dimen122
\Gm@dimlist=\toks25
)
(/usr/share/texlive/texmf-dist/tex/latex/multirow/multirow.sty
\bigstrutjot=\dimen123
)
(/usr/share/texlive/texmf-dist/tex/latex/graphics/lscape.sty
Package: lscape 2000/10/22 v3.01 Landscape Pages (DPC)
) (./st2004.aux

LaTeX Warning: Label `my-label' multiply defined.


LaTeX Warning: Label `my-label' multiply defined.


LaTeX Warning: Label `my-label' multiply defined.


LaTeX Warning: Label `my-label' multiply defined.

)
\openout1 = `st2004.aux'.

LaTeX Font Info:    Checking defaults for OML/cmm/m/it on input line 10.
LaTeX Font Info:    ... okay on input line 10.
LaTeX Font Info:    Checking defaults for T1/cmr/m/n on input line 10.
LaTeX Font Info:    ... okay on input line 10.
LaTeX Font Info:    Checking defaults for OT1/cmr/m/n on input line 10.
LaTeX Font Info:    ... okay on input line 10.
LaTeX Font Info:    Checking defaults for OMS/cmsy/m/n on input line 10.
LaTeX Font Info:    ... okay on input line 10.
LaTeX Font Info:    Checking defaults for OMX/cmex/m/n on input line 10.
LaTeX Font Info:    ... okay on input line 10.
LaTeX Font Info:    Checking defaults for U/cmr/m/n on input line 10.
LaTeX Font Info:    ... okay on input line 10.
 (/usr/share/texlive/texmf-dist/tex/latex/ucs/ucsencs.def
File: ucsencs.def 2011/01/21 Fixes to fontencodings LGR, T3
)
(/usr/share/texlive/texmf-dist/tex/context/base/supp-pdf.mkii
[Loading MPS to PDF converter (version 2006.09.02).]
\scratchcounter=\count105
\scratchdimen=\dimen124
\scratchbox=\box28
\nofMPsegments=\count106
\nofMParguments=\count107
\everyMPshowfont=\toks26
\MPscratchCnt=\count108
\MPscratchDim=\dimen125
\MPnumerator=\count109
\makeMPintoPDFobject=\count110
\everyMPtoPDFconversion=\toks27
) (/usr/share/texlive/texmf-dist/tex/generic/oberdiek/pdftexcmds.sty
Package: pdftexcmds 2011/11/29 v0.20 Utility functions of pdfTeX for LuaTeX (HO
)

(/usr/share/texlive/texmf-dist/tex/generic/oberdiek/ifluatex.sty
Package: ifluatex 2010/03/01 v1.3 Provides the ifluatex switch (HO)
Package ifluatex Info: LuaTeX not detected.
)
Package pdftexcmds Info: LuaTeX not detected.
Package pdftexcmds Info: \pdf@primitive is available.
Package pdftexcmds Info: \pdf@ifprimitive is available.
Package pdftexcmds Info: \pdfdraftmode found.
)
(/usr/share/texlive/texmf-dist/tex/latex/oberdiek/epstopdf-base.sty
Package: epstopdf-base 2010/02/09 v2.5 Base part for package epstopdf

(/usr/share/texlive/texmf-dist/tex/latex/oberdiek/grfext.sty
Package: grfext 2010/08/19 v1.1 Manage graphics extensions (HO)

(/usr/share/texlive/texmf-dist/tex/generic/oberdiek/kvdefinekeys.sty
Package: kvdefinekeys 2011/04/07 v1.3 Define keys (HO)
))
(/usr/share/texlive/texmf-dist/tex/latex/oberdiek/kvoptions.sty
Package: kvoptions 2011/06/30 v3.11 Key value format for package options (HO)

(/usr/share/texlive/texmf-dist/tex/generic/oberdiek/kvsetkeys.sty
Package: kvsetkeys 2012/04/25 v1.16 Key value parser (HO)

(/usr/share/texlive/texmf-dist/tex/generic/oberdiek/etexcmds.sty
Package: etexcmds 2011/02/16 v1.5 Avoid name clashes with e-TeX commands (HO)
Package etexcmds Info: Could not find \expanded.
(etexcmds)             That can mean that you are not using pdfTeX 1.50 or
(etexcmds)             that some package has redefined \expanded.
(etexcmds)             In the latter case, load this package earlier.
)))
Package grfext Info: Graphics extension search list:
(grfext)             [.png,.pdf,.jpg,.mps,.jpeg,.jbig2,.jb2,.PNG,.PDF,.JPG,.JPE
G,.JBIG2,.JB2,.eps]
(grfext)             \AppendGraphicsExtensions on input line 452.

(/usr/share/texlive/texmf-dist/tex/latex/latexconfig/epstopdf-sys.cfg
File: epstopdf-sys.cfg 2010/07/13 v1.3 Configuration of (r)epstopdf for TeX Liv
e
))
*geometry* driver: auto-detecting
*geometry* detected driver: pdftex
*geometry* verbose mode - [ preamble ] result:
* driver: pdftex
* paper: a4paper
* layout: <same size as paper>
* layoutoffset:(h,v)=(0.0pt,0.0pt)
* modes: 
* h-part:(L,W,R)=(89.62709pt, 418.25368pt, 89.6271pt)
* v-part:(T,H,B)=(101.40665pt, 591.5302pt, 152.11pt)
* \paperwidth=597.50787pt
* \paperheight=845.04684pt
* \textwidth=418.25368pt
* \textheight=591.5302pt
* \oddsidemargin=17.3571pt
* \evensidemargin=17.3571pt
* \topmargin=-7.86334pt
* \headheight=12.0pt
* \headsep=25.0pt
* \topskip=12.0pt
* \footskip=30.0pt
* \marginparwidth=44.0pt
* \marginparsep=10.0pt
* \columnsep=10.0pt
* \skip\footins=10.8pt plus 4.0pt minus 2.0pt
* \hoffset=0.0pt
* \voffset=0.0pt
* \mag=1000
* \@twocolumnfalse
* \@twosidefalse
* \@mparswitchfalse
* \@reversemarginfalse
* (1in=72.27pt=25.4mm, 1cm=28.453pt)

<logo.png, id=1, 787.94376pt x 963.6pt>
File: logo.png Graphic file (type png)
 <use logo.png>
Package pdftex.def Info: logo.png used on input line 19.
(pdftex.def)             Requested size: 83.64944pt x 102.29108pt.

<dice.png, id=2, 72.27pt x 54.9252pt>
File: dice.png Graphic file (type png)
 <use dice.png>
Package pdftex.def Info: dice.png used on input line 50.
(pdftex.def)             Requested size: 125.47737pt x 95.3679pt.
 [1

{/var/lib/texmf/fonts/map/pdftex/updmap/pdftex.map} <./logo.png (PNG copy)> <./
dice.png>] (./st2004.toc)
\tf@toc=\write3
\openout3 = `st2004.toc'.

 [1

]
*geometry* verbose mode - [ newgeometry ] result:
* driver: pdftex
* paper: a4paper
* layout: <same size as paper>
* layoutoffset:(h,v)=(0.0pt,0.0pt)
* modes: 
* h-part:(L,W,R)=(28.45274pt, 540.60239pt, 28.45274pt)
* v-part:(T,H,B)=(28.45274pt, 759.6886pt, 56.9055pt)
* \paperwidth=597.50787pt
* \paperheight=845.04684pt
* \textwidth=540.60239pt
* \textheight=759.6886pt
* \oddsidemargin=-43.81725pt
* \evensidemargin=-43.81725pt
* \topmargin=-80.81725pt
* \headheight=12.0pt
* \headsep=25.0pt
* \topskip=12.0pt
* \footskip=30.0pt
* \marginparwidth=44.0pt
* \marginparsep=10.0pt
* \columnsep=10.0pt
* \skip\footins=10.8pt plus 4.0pt minus 2.0pt
* \hoffset=0.0pt
* \voffset=0.0pt
* \mag=1000
* \@twocolumnfalse
* \@twosidefalse
* \@mparswitchfalse
* \@reversemarginfalse
* (1in=72.27pt=25.4mm, 1cm=28.453pt)

 <m3_m4.png, id=15, 455.45157pt x 255.95625pt>
File: m3_m4.png Graphic file (type png)
 <use m3_m4.png>
Package pdftex.def Info: m3_m4.png used on input line 70.
(pdftex.def)             Requested size: 270.3012pt x 151.90724pt.

<s3_s4.png, id=16, 455.45157pt x 255.95625pt>
File: s3_s4.png Graphic file (type png)
 <use s3_s4.png>
Package pdftex.def Info: s3_s4.png used on input line 70.
(pdftex.def)             Requested size: 270.3012pt x 151.90724pt.
File: m3_m4.png Graphic file (type png)
 <use m3_m4.png>
Package pdftex.def Info: m3_m4.png used on input line 70.
(pdftex.def)             Requested size: 270.3012pt x 151.90724pt.
File: s3_s4.png Graphic file (type png)

<use s3_s4.png>
Package pdftex.def Info: s3_s4.png used on input line 70.
(pdftex.def)             Requested size: 270.3012pt x 151.90724pt.
 <Long_Run_Average.png, id=17, 455.45157pt x 255.95625pt>
File: Long_Run_Average.png Graphic file (type png)

<use Long_Run_Average.png>
Package pdftex.def Info: Long_Run_Average.png used on input line 76.
(pdftex.def)             Requested size: 270.3012pt x 151.90724pt.

<Long_Run_Variance.png, id=18, 455.45157pt x 255.95625pt>
File: Long_Run_Variance.png Graphic file (type png)

<use Long_Run_Variance.png>
Package pdftex.def Info: Long_Run_Variance.png used on input line 76.
(pdftex.def)             Requested size: 270.3012pt x 151.90724pt.
File: Long_Run_Average.png Graphic file (type png)
 <use Long_Run_Average.png>
Package pdftex.def Info: Long_Run_Average.png used on input line 76.
(pdftex.def)             Requested size: 270.3012pt x 151.90724pt.
File: Long_Run_Variance.png Graphic file (type png)

<use Long_Run_Variance.png>
Package pdftex.def Info: Long_Run_Variance.png used on input line 76.
(pdftex.def)             Requested size: 270.3012pt x 151.90724pt.

<S3,M3Covariance.png, id=19, 455.45157pt x 255.95625pt>
File: S3,M3Covariance.png Graphic file (type png)

<use S3,M3Covariance.png>
Package pdftex.def Info: S3,M3Covariance.png used on input line 82.
(pdftex.def)             Requested size: 270.3012pt x 151.90724pt.

<S4,M4Covariance.png, id=20, 455.45157pt x 255.95625pt>
File: S4,M4Covariance.png Graphic file (type png)

<use S4,M4Covariance.png>
Package pdftex.def Info: S4,M4Covariance.png used on input line 82.
(pdftex.def)             Requested size: 270.3012pt x 151.90724pt.
File: S3,M3Covariance.png Graphic file (type png)
 <use S3,M3Covariance.png>
Package pdftex.def Info: S3,M3Covariance.png used on input line 82.
(pdftex.def)             Requested size: 270.3012pt x 151.90724pt.
File: S4,M4Covariance.png Graphic file (type png)
 <use S4,M4Covariance.png>
Package pdftex.def Info: S4,M4Covariance.png used on input line 82.
(pdftex.def)             Requested size: 270.3012pt x 151.90724pt.

<m3_s3=10(4).png, id=21, 481.8pt x 216.81pt>
File: m3_s3=10(4).png Graphic file (type png)
 <use m3_s3=10(4).png>
Package pdftex.def Info: m3_s3=10(4).png used on input line 88.
(pdftex.def)             Requested size: 270.3012pt x 121.63773pt.

<s3_m3=4(5).png, id=23, 418.56375pt x 221.32687pt>
File: s3_m3=4(5).png Graphic file (type png)
 <use s3_m3=4(5).png>
Package pdftex.def Info: s3_m3=4(5).png used on input line 88.
(pdftex.def)             Requested size: 270.3012pt x 142.92865pt.
File: m3_s3=10(4).png Graphic file (type png)

<use m3_s3=10(4).png>
Package pdftex.def Info: m3_s3=10(4).png used on input line 88.
(pdftex.def)             Requested size: 270.3012pt x 121.63773pt.
File: s3_m3=4(5).png Graphic file (type png)
 <use s3_m3=4(5).png>
Package pdftex.def Info: s3_m3=4(5).png used on input line 88.
(pdftex.def)             Requested size: 270.3012pt x 142.92865pt.


LaTeX Warning: `h' float specifier changed to `ht'.


Overfull \hbox (44.0609pt too wide) in paragraph at lines 111--122
 [][] 
 []


LaTeX Warning: `h' float specifier changed to `ht'.


LaTeX Warning: `h' float specifier changed to `ht'.


LaTeX Warning: `h' float specifier changed to `ht'.


LaTeX Warning: `h' float specifier changed to `ht'.

(/usr/share/texlive/texmf-dist/tex/latex/ucs/data/uni-32.def
File: uni-32.def 2013/05/13 UCS: Unicode data U+2000..U+20FF
) [1


 <./m3_m4.png (PNG copy)> <./s3_s4.png (PNG copy)> <./Long_Run_Average.png (PNG
 copy)> <./Long_Run_Variance.png (PNG copy)> <./S3,M3Covariance.png (PNG copy)>
 <./S4,M4Covariance.png (PNG copy)> <./m3_s3=10(4).png> <./s3_m3=4(5).png>]
(/usr/share/texlive/texmf-dist/tex/latex/ucs/data/uni-0.def
File: uni-0.def 2013/05/13 UCS: Unicode data U+0000..U+00FF
)
(/usr/share/texlive/texmf-dist/tex/latex/ucs/data/uni-468.def
File: uni-468.def 2013/05/13 UCS: Unicode data U+1D400..U+1D4FF
)
(/usr/share/texlive/texmf-dist/tex/latex/ucs/data/uni-34.def
File: uni-34.def 2013/05/13 UCS: Unicode data U+2200..U+22FF
) [2] [3]
*geometry* verbose mode - [ newgeometry ] result:
* driver: pdftex
* paper: a4paper
* layout: <same size as paper>
* layoutoffset:(h,v)=(0.0pt,0.0pt)
* modes: 
* h-part:(L,W,R)=(28.45274pt, 540.60239pt, 28.45274pt)
* v-part:(T,H,B)=(28.45274pt, 759.6886pt, 56.9055pt)
* \paperwidth=597.50787pt
* \paperheight=845.04684pt
* \textwidth=540.60239pt
* \textheight=759.6886pt
* \oddsidemargin=-43.81725pt
* \evensidemargin=-43.81725pt
* \topmargin=-80.81725pt
* \headheight=12.0pt
* \headsep=25.0pt
* \topskip=12.0pt
* \footskip=30.0pt
* \marginparwidth=44.0pt
* \marginparsep=10.0pt
* \columnsep=10.0pt
* \skip\footins=10.8pt plus 4.0pt minus 2.0pt
* \hoffset=0.0pt
* \voffset=0.0pt
* \mag=1000
* \@twocolumnfalse
* \@twosidefalse
* \@mparswitchfalse
* \@reversemarginfalse
* (1in=72.27pt=25.4mm, 1cm=28.453pt)

 [4

]
[5] <PD_S3.png, id=50, 362.10281pt x 216.05719pt>
File: PD_S3.png Graphic file (type png)
 <use PD_S3.png>
Package pdftex.def Info: PD_S3.png used on input line 287.
(pdftex.def)             Requested size: 270.3012pt x 161.28421pt.

<PD_S4.png, id=51, 362.10281pt x 217.5628pt>
File: PD_S4.png Graphic file (type png)
 <use PD_S4.png>
Package pdftex.def Info: PD_S4.png used on input line 287.
(pdftex.def)             Requested size: 270.3012pt x 162.40816pt.
File: PD_S3.png Graphic file (type png)
 <use PD_S3.png>
Package pdftex.def Info: PD_S3.png used on input line 287.
(pdftex.def)             Requested size: 270.3012pt x 161.28421pt.
File: PD_S4.png Graphic file (type png)

<use PD_S4.png>
Package pdftex.def Info: PD_S4.png used on input line 287.
(pdftex.def)             Requested size: 270.3012pt x 162.40816pt.
 <s1_s2.png, id=52, 455.45157pt x 255.95625pt>
File: s1_s2.png Graphic file (type png)
 <use s1_s2.png>
Package pdftex.def Info: s1_s2.png used on input line 310.
(pdftex.def)             Requested size: 257.19856pt x 144.54pt.
File: s3_s4.png Graphic file (type png)

<use s3_s4.png>
Package pdftex.def Info: s3_s4.png used on input line 310.
(pdftex.def)             Requested size: 257.19856pt x 144.54pt.
File: s1_s2.png Graphic file (type png)
 <use s1_s2.png>
Package pdftex.def Info: s1_s2.png used on input line 310.
(pdftex.def)             Requested size: 257.19856pt x 144.54pt.
File: s3_s4.png Graphic file (type png)
 <use s3_s4.png>
Package pdftex.def Info: s3_s4.png used on input line 310.
(pdftex.def)             Requested size: 257.19856pt x 144.54pt.

Underfull \hbox (badness 10000) in paragraph at lines 315--334

 []


Overfull \hbox (7.83325pt too wide) in paragraph at lines 315--334
[]$   $[]$ 
 []


Underfull \hbox (badness 10000) in paragraph at lines 315--334

 []

[6 <./PD_S3.png> <./PD_S4.png> <./s1_s2.png (PNG copy)>]
<average_s3.png, id=56, 273.27094pt x 186.6975pt>
File: average_s3.png Graphic file (type png)
 <use average_s3.png>
Package pdftex.def Info: average_s3.png used on input line 338.
(pdftex.def)             Requested size: 211.57428pt x 144.54pt.

<average_s4.png, id=57, 273.27094pt x 186.6975pt>
File: average_s4.png Graphic file (type png)
 <use average_s4.png>
Package pdftex.def Info: average_s4.png used on input line 338.
(pdftex.def)             Requested size: 211.57428pt x 144.54pt.
File: average_s3.png Graphic file (type png)

<use average_s3.png>
Package pdftex.def Info: average_s3.png used on input line 338.
(pdftex.def)             Requested size: 211.57428pt x 144.54pt.
File: average_s4.png Graphic file (type png)
 <use average_s4.png>
Package pdftex.def Info: average_s4.png used on input line 338.
(pdftex.def)             Requested size: 211.57428pt x 144.54pt.

<average_s3_n_trials.png, id=58, 372.64218pt x 194.97844pt>
File: average_s3_n_trials.png Graphic file (type png)

<use average_s3_n_trials.png>
Package pdftex.def Info: average_s3_n_trials.png used on input line 343.
(pdftex.def)             Requested size: 276.25694pt x 144.54pt.
File: average_s3_n_trials.png Graphic file (type png)
 <use average_s3_n_trials.png>
Package pdftex.def Info: average_s3_n_trials.png used on input line 343.
(pdftex.def)             Requested size: 276.25694pt x 144.54pt.
 [7 <./average_s3.png (PNG copy)> <./average_s4.png (PNG copy)> <./average_s3_n
_trials.png (PNG copy)>] <diff_wins_losses.png, id=62, 453.19313pt x 162.6075pt
>
File: diff_wins_losses.png Graphic file (type png)

<use diff_wins_losses.png>
Package pdftex.def Info: diff_wins_losses.png used on input line 375.
(pdftex.def)             Requested size: 405.45178pt x 145.47697pt.
File: diff_wins_losses.png Graphic file (type png)
 <use diff_wins_losses.png>
Package pdftex.def Info: diff_wins_losses.png used on input line 375.
(pdftex.def)             Requested size: 405.45178pt x 145.47697pt.
 [8]
<net_profit.png, id=66, 453.19313pt x 149.8097pt>
File: net_profit.png Graphic file (type png)
 <use net_profit.png>
Package pdftex.def Info: net_profit.png used on input line 380.
(pdftex.def)             Requested size: 405.45178pt x 134.02739pt.
File: net_profit.png Graphic file (type png)

<use net_profit.png>
Package pdftex.def Info: net_profit.png used on input line 380.
(pdftex.def)             Requested size: 405.45178pt x 134.02739pt.
 [9 <./diff_wins_losses.png (PNG copy)> <./net_profit.png (PNG copy)>] [10] (./
st2004.aux)

LaTeX Warning: There were multiply-defined labels.

 ) 
Here is how much of TeX's memory you used:
 5113 strings out of 494985
 66955 string characters out of 6180356
 181292 words of memory out of 5000000
 8240 multiletter control sequences out of 15000+600000
 11167 words of font info for 39 fonts, out of 8000000 for 9000
 36 hyphenation exceptions out of 8191
 38i,14n,29p,788b,493s stack positions out of 5000i,500n,10000p,200000b,80000s
</usr/share/texlive/texmf-dist/fonts/type1/public/amsfonts/cm/cmbx12.pfb></us
r/share/texlive/texmf-dist/fonts/type1/public/amsfonts/cm/cmcsc10.pfb></usr/sha
re/texlive/texmf-dist/fonts/type1/public/amsfonts/cm/cmex10.pfb></usr/share/tex
live/texmf-dist/fonts/type1/public/amsfonts/cm/cmmi12.pfb></usr/share/texlive/t
exmf-dist/fonts/type1/public/amsfonts/cm/cmmi6.pfb></usr/share/texlive/texmf-di
st/fonts/type1/public/amsfonts/cm/cmmi8.pfb></usr/share/texlive/texmf-dist/font
s/type1/public/amsfonts/cm/cmr12.pfb></usr/share/texlive/texmf-dist/fonts/type1
/public/amsfonts/cm/cmr6.pfb></usr/share/texlive/texmf-dist/fonts/type1/public/
amsfonts/cm/cmr8.pfb></usr/share/texlive/texmf-dist/fonts/type1/public/amsfonts
/cm/cmsy10.pfb></usr/share/texlive/texmf-dist/fonts/type1/public/amsfonts/cm/cm
sy8.pfb></usr/share/texlive/texmf-dist/fonts/type1/public/amsfonts/cm/cmti12.pf
b>
Output written on st2004.pdf (12 pages, 1073129 bytes).
PDF statistics:
 112 PDF objects out of 1000 (max. 8388607)
 65 compressed objects within 1 object stream
 0 named destinations out of 1000 (max. 500000)
 91 words of extra memory for PDF output out of 10000 (max. 10000000)

