C:\USERS\TRISTANPASHAJ\DOCUMENTS\VISUAL STUDIO 2012\PROJECTS\RANDOM GENERATOR\RANDOM GENERATOR\DEBUG\SOURCE.OBJ
C:\USERS\TRISTANPASHAJ\DOCUMENTS\VISUAL STUDIO 2012\PROJECTS\RANDOM GENERATOR\RANDOM GENERATOR\DEBUG\VC110.PDB
C:\USERS\TRISTANPASHAJ\DOCUMENTS\VISUAL STUDIO 2012\PROJECTS\RANDOM GENERATOR\DEBUG\RANDOM GENERATOR.ILK
C:\USERS\TRISTANPASHAJ\DOCUMENTS\VISUAL STUDIO 2012\PROJECTS\RANDOM GENERATOR\DEBUG\RANDOM GENERATOR.EXE
C:\USERS\TRISTANPASHAJ\DOCUMENTS\VISUAL STUDIO 2012\PROJECTS\RANDOM GENERATOR\DEBUG\RANDOM GENERATOR.PDB
C:\Users\tristanpashaj\Documents\Visual Studio 2012\Projects\random generator\random generator\Debug\Source.obj
C:\Users\tristanpashaj\Documents\Visual Studio 2012\Projects\random generator\random generator\Debug\cl.command.1.tlog
C:\Users\tristanpashaj\Documents\Visual Studio 2012\Projects\random generator\random generator\Debug\CL.read.1.tlog
C:\Users\tristanpashaj\Documents\Visual Studio 2012\Projects\random generator\random generator\Debug\CL.write.1.tlog
C:\Users\tristanpashaj\Documents\Visual Studio 2012\Projects\random generator\random generator\Debug\link-cvtres.read.1.tlog
C:\Users\tristanpashaj\Documents\Visual Studio 2012\Projects\random generator\random generator\Debug\link-cvtres.write.1.tlog
C:\Users\tristanpashaj\Documents\Visual Studio 2012\Projects\random generator\random generator\Debug\link-rc.read.1.tlog
C:\Users\tristanpashaj\Documents\Visual Studio 2012\Projects\random generator\random generator\Debug\link-rc.write.1.tlog
C:\Users\tristanpashaj\Documents\Visual Studio 2012\Projects\random generator\random generator\Debug\link.command.1.tlog
C:\Users\tristanpashaj\Documents\Visual Studio 2012\Projects\random generator\random generator\Debug\link.read.1.tlog
C:\Users\tristanpashaj\Documents\Visual Studio 2012\Projects\random generator\random generator\Debug\link.write.1.tlog
C:\Users\tristanpashaj\Documents\Visual Studio 2012\Projects\random generator\random generator\Debug\vc110.idb
C:\Users\tristanpashaj\Documents\Visual Studio 2012\Projects\random generator\random generator\Debug\vc110.pdb
C:\Users\tristanpashaj\Documents\Visual Studio 2012\Projects\random generator\Debug\random generator.pdb
C:\Users\tristanpashaj\Documents\Visual Studio 2012\Projects\random generator\Debug\random generator.exe
C:\Users\tristanpashaj\Documents\Visual Studio 2012\Projects\random generator\Debug\random generator.ilk
