This is pdfTeX, Version 3.1415926-2.5-1.40.14 (TeX Live 2013/Debian) (format=pdflatex 2015.11.2)  16 NOV 2015 08:14
entering extended mode
 restricted \write18 enabled.
 %&-line parsing enabled.
**d1.tex
(./d1.tex
LaTeX2e <2011/06/27>
Babel <3.9h> and hyphenation patterns for 4 languages loaded.
(/usr/share/texlive/texmf-dist/tex/latex/base/article.cls
Document Class: article 2007/10/19 v1.4h Standard LaTeX document class
(/usr/share/texlive/texmf-dist/tex/latex/base/size12.clo
File: size12.clo 2007/10/19 v1.4h Standard LaTeX file (size option)
)
\c@part=\count79
\c@section=\count80
\c@subsection=\count81
\c@subsubsection=\count82
\c@paragraph=\count83
\c@subparagraph=\count84
\c@figure=\count85
\c@table=\count86
\abovecaptionskip=\skip41
\belowcaptionskip=\skip42
\bibindent=\dimen102
)
(/usr/share/texlive/texmf-dist/tex/generic/babel/babel.sty
Package: babel 2013/12/03 3.9h The Babel package

(/usr/share/texlive/texmf-dist/tex/generic/babel-english/english.ldf
Language: english 2012/08/20 v3.3p English support from the babel system

(/usr/share/texlive/texmf-dist/tex/generic/babel/babel.def
File: babel.def 2013/12/03 3.9h Babel common definitions
\babel@savecnt=\count87
\U@D=\dimen103
)
\l@canadian = a dialect from \language\l@american 
\l@australian = a dialect from \language\l@british 
\l@newzealand = a dialect from \language\l@british 
))
(/usr/share/texlive/texmf-dist/tex/latex/base/inputenc.sty
Package: inputenc 2008/03/30 v1.1d Input encoding file
\inpenc@prehook=\toks14
\inpenc@posthook=\toks15

(/usr/share/texlive/texmf-dist/tex/latex/ucs/utf8x.def
File: utf8x.def 2004/10/17 UCS: Input encoding UTF-8
))
(/usr/share/texlive/texmf-dist/tex/latex/ucs/ucs.sty
Package: ucs 2013/05/11 v2.2 UCS: Unicode input support

(/usr/share/texlive/texmf-dist/tex/latex/ucs/data/uni-global.def
File: uni-global.def 2013/05/13 UCS: Unicode global data
)
\uc@secondtry=\count88
\uc@combtoks=\toks16
\uc@combtoksb=\toks17
\uc@temptokena=\toks18
)
(/usr/share/texlive/texmf-dist/tex/latex/amsmath/amsmath.sty
Package: amsmath 2013/01/14 v2.14 AMS math features
\@mathmargin=\skip43

For additional information on amsmath, use the `?' option.
(/usr/share/texlive/texmf-dist/tex/latex/amsmath/amstext.sty
Package: amstext 2000/06/29 v2.01

(/usr/share/texlive/texmf-dist/tex/latex/amsmath/amsgen.sty
File: amsgen.sty 1999/11/30 v2.0
\@emptytoks=\toks19
\ex@=\dimen104
))
(/usr/share/texlive/texmf-dist/tex/latex/amsmath/amsbsy.sty
Package: amsbsy 1999/11/29 v1.2d
\pmbraise@=\dimen105
)
(/usr/share/texlive/texmf-dist/tex/latex/amsmath/amsopn.sty
Package: amsopn 1999/12/14 v2.01 operator names
)
\inf@bad=\count89
LaTeX Info: Redefining \frac on input line 210.
\uproot@=\count90
\leftroot@=\count91
LaTeX Info: Redefining \overline on input line 306.
\classnum@=\count92
\DOTSCASE@=\count93
LaTeX Info: Redefining \ldots on input line 378.
LaTeX Info: Redefining \dots on input line 381.
LaTeX Info: Redefining \cdots on input line 466.
\Mathstrutbox@=\box26
\strutbox@=\box27
\big@size=\dimen106
LaTeX Font Info:    Redeclaring font encoding OML on input line 566.
LaTeX Font Info:    Redeclaring font encoding OMS on input line 567.
\macc@depth=\count94
\c@MaxMatrixCols=\count95
\dotsspace@=\muskip10
\c@parentequation=\count96
\dspbrk@lvl=\count97
\tag@help=\toks20
\row@=\count98
\column@=\count99
\maxfields@=\count100
\andhelp@=\toks21
\eqnshift@=\dimen107
\alignsep@=\dimen108
\tagshift@=\dimen109
\tagwidth@=\dimen110
\totwidth@=\dimen111
\lineht@=\dimen112
\@envbody=\toks22
\multlinegap=\skip44
\multlinetaggap=\skip45
\mathdisplay@stack=\toks23
LaTeX Info: Redefining \[ on input line 2665.
LaTeX Info: Redefining \] on input line 2666.
)
(/usr/share/texlive/texmf-dist/tex/latex/graphics/graphicx.sty
Package: graphicx 1999/02/16 v1.0f Enhanced LaTeX Graphics (DPC,SPQR)

(/usr/share/texlive/texmf-dist/tex/latex/graphics/keyval.sty
Package: keyval 1999/03/16 v1.13 key=value parser (DPC)
\KV@toks@=\toks24
)
(/usr/share/texlive/texmf-dist/tex/latex/graphics/graphics.sty
Package: graphics 2009/02/05 v1.0o Standard LaTeX Graphics (DPC,SPQR)

(/usr/share/texlive/texmf-dist/tex/latex/graphics/trig.sty
Package: trig 1999/03/16 v1.09 sin cos tan (DPC)
)
(/usr/share/texlive/texmf-dist/tex/latex/latexconfig/graphics.cfg
File: graphics.cfg 2010/04/23 v1.9 graphics configuration of TeX Live
)
Package graphics Info: Driver file: pdftex.def on input line 91.

(/usr/share/texlive/texmf-dist/tex/latex/pdftex-def/pdftex.def
File: pdftex.def 2011/05/27 v0.06d Graphics/color for pdfTeX

(/usr/share/texlive/texmf-dist/tex/generic/oberdiek/infwarerr.sty
Package: infwarerr 2010/04/08 v1.3 Providing info/warning/error messages (HO)
)
(/usr/share/texlive/texmf-dist/tex/generic/oberdiek/ltxcmds.sty
Package: ltxcmds 2011/11/09 v1.22 LaTeX kernel commands for general use (HO)
)
\Gread@gobject=\count101
))
\Gin@req@height=\dimen113
\Gin@req@width=\dimen114
)
(/usr/share/texlive/texmf-dist/tex/latex/geometry/geometry.sty
Package: geometry 2010/09/12 v5.6 Page Geometry

(/usr/share/texlive/texmf-dist/tex/generic/oberdiek/ifpdf.sty
Package: ifpdf 2011/01/30 v2.3 Provides the ifpdf switch (HO)
Package ifpdf Info: pdfTeX in PDF mode is detected.
)
(/usr/share/texlive/texmf-dist/tex/generic/oberdiek/ifvtex.sty
Package: ifvtex 2010/03/01 v1.5 Detect VTeX and its facilities (HO)
Package ifvtex Info: VTeX not detected.
)
(/usr/share/texlive/texmf-dist/tex/generic/ifxetex/ifxetex.sty
Package: ifxetex 2010/09/12 v0.6 Provides ifxetex conditional
)
\Gm@cnth=\count102
\Gm@cntv=\count103
\c@Gm@tempcnt=\count104
\Gm@bindingoffset=\dimen115
\Gm@wd@mp=\dimen116
\Gm@odd@mp=\dimen117
\Gm@even@mp=\dimen118
\Gm@layoutwidth=\dimen119
\Gm@layoutheight=\dimen120
\Gm@layouthoffset=\dimen121
\Gm@layoutvoffset=\dimen122
\Gm@dimlist=\toks25
) (./d1.aux)
\openout1 = `d1.aux'.

LaTeX Font Info:    Checking defaults for OML/cmm/m/it on input line 8.
LaTeX Font Info:    ... okay on input line 8.
LaTeX Font Info:    Checking defaults for T1/cmr/m/n on input line 8.
LaTeX Font Info:    ... okay on input line 8.
LaTeX Font Info:    Checking defaults for OT1/cmr/m/n on input line 8.
LaTeX Font Info:    ... okay on input line 8.
LaTeX Font Info:    Checking defaults for OMS/cmsy/m/n on input line 8.
LaTeX Font Info:    ... okay on input line 8.
LaTeX Font Info:    Checking defaults for OMX/cmex/m/n on input line 8.
LaTeX Font Info:    ... okay on input line 8.
LaTeX Font Info:    Checking defaults for U/cmr/m/n on input line 8.
LaTeX Font Info:    ... okay on input line 8.

(/usr/share/texlive/texmf-dist/tex/latex/ucs/ucsencs.def
File: ucsencs.def 2011/01/21 Fixes to fontencodings LGR, T3
)
(/usr/share/texlive/texmf-dist/tex/context/base/supp-pdf.mkii
[Loading MPS to PDF converter (version 2006.09.02).]
\scratchcounter=\count105
\scratchdimen=\dimen123
\scratchbox=\box28
\nofMPsegments=\count106
\nofMParguments=\count107
\everyMPshowfont=\toks26
\MPscratchCnt=\count108
\MPscratchDim=\dimen124
\MPnumerator=\count109
\makeMPintoPDFobject=\count110
\everyMPtoPDFconversion=\toks27
) (/usr/share/texlive/texmf-dist/tex/generic/oberdiek/pdftexcmds.sty
Package: pdftexcmds 2011/11/29 v0.20 Utility functions of pdfTeX for LuaTeX (HO
)

(/usr/share/texlive/texmf-dist/tex/generic/oberdiek/ifluatex.sty
Package: ifluatex 2010/03/01 v1.3 Provides the ifluatex switch (HO)
Package ifluatex Info: LuaTeX not detected.
)
Package pdftexcmds Info: LuaTeX not detected.
Package pdftexcmds Info: \pdf@primitive is available.
Package pdftexcmds Info: \pdf@ifprimitive is available.
Package pdftexcmds Info: \pdfdraftmode found.
)
(/usr/share/texlive/texmf-dist/tex/latex/oberdiek/epstopdf-base.sty
Package: epstopdf-base 2010/02/09 v2.5 Base part for package epstopdf

(/usr/share/texlive/texmf-dist/tex/latex/oberdiek/grfext.sty
Package: grfext 2010/08/19 v1.1 Manage graphics extensions (HO)

(/usr/share/texlive/texmf-dist/tex/generic/oberdiek/kvdefinekeys.sty
Package: kvdefinekeys 2011/04/07 v1.3 Define keys (HO)
))
(/usr/share/texlive/texmf-dist/tex/latex/oberdiek/kvoptions.sty
Package: kvoptions 2011/06/30 v3.11 Key value format for package options (HO)

(/usr/share/texlive/texmf-dist/tex/generic/oberdiek/kvsetkeys.sty
Package: kvsetkeys 2012/04/25 v1.16 Key value parser (HO)

(/usr/share/texlive/texmf-dist/tex/generic/oberdiek/etexcmds.sty
Package: etexcmds 2011/02/16 v1.5 Avoid name clashes with e-TeX commands (HO)
Package etexcmds Info: Could not find \expanded.
(etexcmds)             That can mean that you are not using pdfTeX 1.50 or
(etexcmds)             that some package has redefined \expanded.
(etexcmds)             In the latter case, load this package earlier.
)))
Package grfext Info: Graphics extension search list:
(grfext)             [.png,.pdf,.jpg,.mps,.jpeg,.jbig2,.jb2,.PNG,.PDF,.JPG,.JPE
G,.JBIG2,.JB2,.eps]
(grfext)             \AppendGraphicsExtensions on input line 452.

(/usr/share/texlive/texmf-dist/tex/latex/latexconfig/epstopdf-sys.cfg
File: epstopdf-sys.cfg 2010/07/13 v1.3 Configuration of (r)epstopdf for TeX Liv
e
))
*geometry* driver: auto-detecting
*geometry* detected driver: pdftex
*geometry* verbose mode - [ preamble ] result:
* driver: pdftex
* paper: a4paper
* layout: <same size as paper>
* layoutoffset:(h,v)=(0.0pt,0.0pt)
* modes: 
* h-part:(L,W,R)=(89.62709pt, 418.25368pt, 89.6271pt)
* v-part:(T,H,B)=(101.40665pt, 591.5302pt, 152.11pt)
* \paperwidth=597.50787pt
* \paperheight=845.04684pt
* \textwidth=418.25368pt
* \textheight=591.5302pt
* \oddsidemargin=17.3571pt
* \evensidemargin=17.3571pt
* \topmargin=-7.86334pt
* \headheight=12.0pt
* \headsep=25.0pt
* \topskip=12.0pt
* \footskip=30.0pt
* \marginparwidth=44.0pt
* \marginparsep=10.0pt
* \columnsep=10.0pt
* \skip\footins=10.8pt plus 4.0pt minus 2.0pt
* \hoffset=0.0pt
* \voffset=0.0pt
* \mag=1000
* \@twocolumnfalse
* \@twosidefalse
* \@mparswitchfalse
* \@reversemarginfalse
* (1in=72.27pt=25.4mm, 1cm=28.453pt)

<logo.png, id=1, 787.94376pt x 963.6pt>
File: logo.png Graphic file (type png)
 <use logo.png>
Package pdftex.def Info: logo.png used on input line 17.
(pdftex.def)             Requested size: 83.64944pt x 102.29108pt.

<bjt.JPG, id=2, 752.8125pt x 602.25pt>
File: bjt.JPG Graphic file (type jpg)
 <use bjt.JPG>
Package pdftex.def Info: bjt.JPG used on input line 44.
(pdftex.def)             Requested size: 167.2989pt x 133.83708pt.
 [1

{/var/lib/texmf/fonts/map/pdftex/updmap/pdftex.map} <./logo.png (PNG copy)> <./
bjt.JPG>]
*geometry* verbose mode - [ newgeometry ] result:
* driver: pdftex
* paper: a4paper
* layout: <same size as paper>
* layoutoffset:(h,v)=(0.0pt,0.0pt)
* modes: 
* h-part:(L,W,R)=(28.45274pt, 540.60239pt, 28.45274pt)
* v-part:(T,H,B)=(28.45274pt, 759.6886pt, 56.9055pt)
* \paperwidth=597.50787pt
* \paperheight=845.04684pt
* \textwidth=540.60239pt
* \textheight=759.6886pt
* \oddsidemargin=-43.81725pt
* \evensidemargin=-43.81725pt
* \topmargin=-80.81725pt
* \headheight=12.0pt
* \headsep=25.0pt
* \topskip=12.0pt
* \footskip=30.0pt
* \marginparwidth=44.0pt
* \marginparsep=10.0pt
* \columnsep=10.0pt
* \skip\footins=10.8pt plus 4.0pt minus 2.0pt
* \hoffset=0.0pt
* \voffset=0.0pt
* \mag=1000
* \@twocolumnfalse
* \@twosidefalse
* \@mparswitchfalse
* \@reversemarginfalse
* (1in=72.27pt=25.4mm, 1cm=28.453pt)

 (./d1.toc)
\tf@toc=\write3
\openout3 = `d1.toc'.


[1


]
*geometry* verbose mode - [ newgeometry ] result:
* driver: pdftex
* paper: a4paper
* layout: <same size as paper>
* layoutoffset:(h,v)=(0.0pt,0.0pt)
* modes: 
* h-part:(L,W,R)=(56.9055pt, 483.69687pt, 56.9055pt)
* v-part:(T,H,B)=(56.9055pt, 731.23584pt, 56.9055pt)
* \paperwidth=597.50787pt
* \paperheight=845.04684pt
* \textwidth=483.69687pt
* \textheight=731.23584pt
* \oddsidemargin=-15.36449pt
* \evensidemargin=-15.36449pt
* \topmargin=-52.36449pt
* \headheight=12.0pt
* \headsep=25.0pt
* \topskip=12.0pt
* \footskip=30.0pt
* \marginparwidth=44.0pt
* \marginparsep=10.0pt
* \columnsep=10.0pt
* \skip\footins=10.8pt plus 4.0pt minus 2.0pt
* \hoffset=0.0pt
* \voffset=0.0pt
* \mag=1000
* \@twocolumnfalse
* \@twosidefalse
* \@mparswitchfalse
* \@reversemarginfalse
* (1in=72.27pt=25.4mm, 1cm=28.453pt)

 <vbe.png, id=15, 384.43625pt x 336.25626pt>
File: vbe.png Graphic file (type png)
 <use vbe.png>
Package pdftex.def Info: vbe.png used on input line 81.
(pdftex.def)             Requested size: 145.11053pt x 126.92697pt.

<vce.png, id=16, 512.91624pt x 332.24126pt>
File: vce.png Graphic file (type png)
 <use vce.png>
Package pdftex.def Info: vce.png used on input line 81.
(pdftex.def)             Requested size: 193.47578pt x 125.32524pt.
File: vbe.png Graphic file (type png)
 <use vbe.png>
Package pdftex.def Info: vbe.png used on input line 81.
(pdftex.def)             Requested size: 145.11053pt x 126.92697pt.
File: vce.png Graphic file (type png)

<use vce.png>
Package pdftex.def Info: vce.png used on input line 81.
(pdftex.def)             Requested size: 193.47578pt x 125.32524pt.
 [1


 <./vbe.png (PNG copy)> <./vce.png (PNG copy)>]
<motor.png, id=22, 469.755pt x 389.455pt>
File: motor.png Graphic file (type png)
 <use motor.png>
Package pdftex.def Info: motor.png used on input line 91.
(pdftex.def)             Requested size: 193.47578pt x 160.40257pt.
File: motor.png Graphic file (type png)
 <use motor.png>
Package pdftex.def Info: motor.png used on input line 91.
(pdftex.def)             Requested size: 193.47578pt x 160.40257pt.

<NPNvsPNP.png, id=23, 1606.0pt x 1133.23375pt>
File: NPNvsPNP.png Graphic file (type png)
 <use NPNvsPNP.png>
Package pdftex.def Info: NPNvsPNP.png used on input line 101.
(pdftex.def)             Requested size: 145.11053pt x 102.38434pt.
File: NPNvsPNP.png Graphic file (type png)

<use NPNvsPNP.png>
Package pdftex.def Info: NPNvsPNP.png used on input line 101.
(pdftex.def)             Requested size: 145.11053pt x 102.38434pt.
 [2 <./motor.png (PNG copy)> <./NPNvsPNP.png>]
LaTeX Font Info:    Try loading font information for OMS+cmr on input line 113.


(/usr/share/texlive/texmf-dist/tex/latex/base/omscmr.fd
File: omscmr.fd 1999/05/25 v2.5h Standard LaTeX font definitions
)
LaTeX Font Info:    Font shape `OMS/cmr/m/n' in size <12> not available
(Font)              Font shape `OMS/cmsy/m/n' tried instead on input line 113.
 [3] [4]
<a1_circuit.jpg, id=37, 290.58563pt x 224.33812pt>
File: a1_circuit.jpg Graphic file (type jpg)
 <use a1_circuit.jpg>
Package pdftex.def Info: a1_circuit.jpg used on input line 220.
(pdftex.def)             Requested size: 193.47578pt x 149.36781pt.
File: a1_circuit.jpg Graphic file (type jpg)

<use a1_circuit.jpg>
Package pdftex.def Info: a1_circuit.jpg used on input line 220.
(pdftex.def)             Requested size: 193.47578pt x 149.36781pt.


LaTeX Warning: `h' float specifier changed to `ht'.

[5 <./a1_circuit.jpg>] <A1.png, id=42, 1437.11906pt x 684.30656pt>
File: A1.png Graphic file (type png)

<use A1.png>
Package pdftex.def Info: A1.png used on input line 250.
(pdftex.def)             Requested size: 483.69687pt x 230.32222pt.
File: A1.png Graphic file (type png)
 <use A1.png>
Package pdftex.def Info: A1.png used on input line 250.
(pdftex.def)             Requested size: 483.69687pt x 230.32222pt.
 [6 <./A1.png>]
<a2_circuit.png, id=48, 365.86688pt x 158.84344pt>
File: a2_circuit.png Graphic file (type png)
 <use a2_circuit.png>
Package pdftex.def Info: a2_circuit.png used on input line 268.
(pdftex.def)             Requested size: 290.22107pt x 126.00847pt.
File: a2_circuit.png Graphic file (type png)

<use a2_circuit.png>
Package pdftex.def Info: a2_circuit.png used on input line 268.
(pdftex.def)             Requested size: 290.22107pt x 126.00847pt.
 [7 <./a2_circuit.png>]
<b_circuit.jpg, id=52, 343.2825pt x 296.60812pt>
File: b_circuit.jpg Graphic file (type jpg)
 <use b_circuit.jpg>
Package pdftex.def Info: b_circuit.jpg used on input line 315.
(pdftex.def)             Requested size: 290.22107pt x 250.76033pt.
File: b_circuit.jpg Graphic file (type jpg)

<use b_circuit.jpg>
Package pdftex.def Info: b_circuit.jpg used on input line 315.
(pdftex.def)             Requested size: 290.22107pt x 250.76033pt.
 <b1ii.PNG, id=53, 1437.87187pt x 687.31781pt>
File: b1ii.PNG Graphic file (type png)

<use b1ii.PNG>
Package pdftex.def Info: b1ii.PNG used on input line 344.
(pdftex.def)             Requested size: 483.69687pt x 231.20988pt.
File: b1ii.PNG Graphic file (type png)
 <use b1ii.PNG>
Package pdftex.def Info: b1ii.PNG used on input line 344.
(pdftex.def)             Requested size: 483.69687pt x 231.20988pt.
 [8 <./b_circuit.jpg>]
<c_times.png, id=57, 239.805pt x 118.5885pt>
File: c_times.png Graphic file (type png)
 <use c_times.png>
Package pdftex.def Info: c_times.png used on input line 382.
(pdftex.def)             Requested size: 241.84843pt x 119.60152pt.
File: c_times.png Graphic file (type png)

<use c_times.png>
Package pdftex.def Info: c_times.png used on input line 382.
(pdftex.def)             Requested size: 241.84843pt x 119.60152pt.
 [9 <./b1ii.PNG>] <c1.PNG, id=63, 1437.11906pt x 679.78969pt>
File: c1.PNG Graphic file (type png)

<use c1.PNG>
Package pdftex.def Info: c1.PNG used on input line 387.
(pdftex.def)             Requested size: 362.77264pt x 171.59627pt.
File: c1.PNG Graphic file (type png)
 <use c1.PNG>
Package pdftex.def Info: c1.PNG used on input line 387.
(pdftex.def)             Requested size: 362.77264pt x 171.59627pt.
 <c2.PNG, id=64, 1440.13031pt x 683.55376pt>
File: c2.PNG Graphic file (type png)

<use c2.PNG>
Package pdftex.def Info: c2.PNG used on input line 390.
(pdftex.def)             Requested size: 362.77264pt x 172.18135pt.
File: c2.PNG Graphic file (type png)
 <use c2.PNG>
Package pdftex.def Info: c2.PNG used on input line 390.
(pdftex.def)             Requested size: 362.77264pt x 172.18135pt.
 <c3.PNG, id=65, 1437.11906pt x 682.04813pt>
File: c3.PNG Graphic file (type png)

<use c3.PNG>
Package pdftex.def Info: c3.PNG used on input line 393.
(pdftex.def)             Requested size: 362.77264pt x 172.16635pt.
File: c3.PNG Graphic file (type png)
 <use c3.PNG>
Package pdftex.def Info: c3.PNG used on input line 393.
(pdftex.def)             Requested size: 362.77264pt x 172.16635pt.
 [10 <./c_times.png> <./c1.PNG> <./c2.PNG>]

LaTeX Warning: `!h' float specifier changed to `!ht'.


LaTeX Warning: `!h' float specifier changed to `!ht'.

[11 <./c3.PNG>] [12] [13] [14] (./d1.aux) ) 
Here is how much of TeX's memory you used:
 3326 strings out of 494985
 46319 string characters out of 6180356
 129374 words of memory out of 5000000
 6471 multiletter control sequences out of 15000+600000
 10466 words of font info for 37 fonts, out of 8000000 for 9000
 36 hyphenation exceptions out of 8191
 38i,11n,23p,566b,303s stack positions out of 5000i,500n,10000p,200000b,80000s
</usr/share/texlive/texmf-dist/fonts
/type1/public/amsfonts/cm/cmbx12.pfb></usr/share/texlive/texmf-dist/fonts/type1
/public/amsfonts/cm/cmcsc10.pfb></usr/share/texlive/texmf-dist/fonts/type1/publ
ic/amsfonts/cm/cmex10.pfb></usr/share/texlive/texmf-dist/fonts/type1/public/ams
fonts/cm/cmmi12.pfb></usr/share/texlive/texmf-dist/fonts/type1/public/amsfonts/
cm/cmmi6.pfb></usr/share/texlive/texmf-dist/fonts/type1/public/amsfonts/cm/cmmi
8.pfb></usr/share/texlive/texmf-dist/fonts/type1/public/amsfonts/cm/cmr12.pfb><
/usr/share/texlive/texmf-dist/fonts/type1/public/amsfonts/cm/cmr8.pfb></usr/sha
re/texlive/texmf-dist/fonts/type1/public/amsfonts/cm/cmsy10.pfb></usr/share/tex
live/texmf-dist/fonts/type1/public/amsfonts/cm/cmsy8.pfb></usr/share/texlive/te
xmf-dist/fonts/type1/public/amsfonts/cm/cmti12.pfb>
Output written on d1.pdf (16 pages, 1378186 bytes).
PDF statistics:
 123 PDF objects out of 1000 (max. 8388607)
 71 compressed objects within 1 object stream
 0 named destinations out of 1000 (max. 500000)
 76 words of extra memory for PDF output out of 10000 (max. 10000000)

