C:\USERS\MAMACC\DOCUMENTS\VISUAL STUDIO 2010\PROJECTS\TOKENRINGGUI\TOKENRINGGUI\DEBUG\TOKENRINGGUI.PCH
C:\USERS\MAMACC\DOCUMENTS\VISUAL STUDIO 2010\PROJECTS\TOKENRINGGUI\TOKENRINGGUI\DEBUG\STDAFX.OBJ
C:\USERS\MAMACC\DOCUMENTS\VISUAL STUDIO 2010\PROJECTS\TOKENRINGGUI\TOKENRINGGUI\DEBUG\VC100.PDB
C:\USERS\MAMACC\DOCUMENTS\VISUAL STUDIO 2010\PROJECTS\TOKENRINGGUI\TOKENRINGGUI\DEBUG\ASSEMBLYINFO.OBJ
C:\USERS\MAMACC\DOCUMENTS\VISUAL STUDIO 2010\PROJECTS\TOKENRINGGUI\TOKENRINGGUI\DEBUG\.NETFRAMEWORK,VERSION=V4.0.ASSEMBLYATTRIBUTES.OBJ
C:\USERS\MAMACC\DOCUMENTS\VISUAL STUDIO 2010\PROJECTS\TOKENRINGGUI\TOKENRINGGUI\DEBUG\TOKENRINGGUI.OBJ
F:\2ND NETWORKS PROJECT\TOKENRINGGUI\TOKENRINGGUI\DEBUG\TOKENRINGGUI.PCH
F:\2ND NETWORKS PROJECT\TOKENRINGGUI\TOKENRINGGUI\DEBUG\STDAFX.OBJ
F:\2ND NETWORKS PROJECT\TOKENRINGGUI\TOKENRINGGUI\DEBUG\VC110.PDB
F:\2ND NETWORKS PROJECT\TOKENRINGGUI\TOKENRINGGUI\DEBUG\TOKENRINGGUI.OBJ
F:\2ND NETWORKS PROJECT\TOKENRINGGUI\TOKENRINGGUI\DEBUG\ASSEMBLYINFO.OBJ
F:\2ND NETWORKS PROJECT\TOKENRINGGUI\TOKENRINGGUI\DEBUG\.NETFRAMEWORK,VERSION=V4.5.ASSEMBLYATTRIBUTES.OBJ
C:\USERS\MAMACC\DOCUMENTS\VISUAL STUDIO 2010\PROJECTS\TOKENRINGGUI\DEBUG\TOKENRINGGUI.ILK
C:\USERS\MAMACC\DOCUMENTS\VISUAL STUDIO 2010\PROJECTS\TOKENRINGGUI\DEBUG\TOKENRINGGUI.EXE
C:\USERS\MAMACC\DOCUMENTS\VISUAL STUDIO 2010\PROJECTS\TOKENRINGGUI\TOKENRINGGUI\DEBUG\TOKENRINGGUI.EXE.INTERMEDIATE.MANIFEST
C:\USERS\MAMACC\DOCUMENTS\VISUAL STUDIO 2010\PROJECTS\TOKENRINGGUI\DEBUG\TOKENRINGGUI.PDB
F:\2ND NETWORKS PROJECT\TOKENRINGGUI\TOKENRINGGUI\DEBUG\METAGEN.WRITE.1.TLOG
C:\USERS\MAMACC\DOCUMENTS\VISUAL STUDIO 2010\PROJECTS\TOKENRINGGUI\TOKENRINGGUI\DEBUG\APP.RES
F:\2ND NETWORKS PROJECT\TOKENRINGGUI\TOKENRINGGUI\DEBUG\APP.RES
F:\2nd Networks Project\TokenRingGUI\TokenRingGUI\Debug\TokenRingGUI.Form1.resources
F:\2nd Networks Project\TokenRingGUI\TokenRingGUI\Debug\TokenRingGUI.vcxproj.GenerateResource.Cache
F:\2nd Networks Project\TokenRingGUI\TokenRingGUI\Debug\TokenRingGUI.vcxprojResolveAssemblyReference.cache
F:\2nd Networks Project\TokenRingGUI\TokenRingGUI\Debug\.NETFramework,Version=v4.0.AssemblyAttributes.obj
F:\2nd Networks Project\TokenRingGUI\TokenRingGUI\Debug\AssemblyInfo.obj
F:\2nd Networks Project\TokenRingGUI\TokenRingGUI\Debug\stdafx.obj
F:\2nd Networks Project\TokenRingGUI\TokenRingGUI\Debug\TokenRingGUI.obj
F:\2nd Networks Project\TokenRingGUI\TokenRingGUI\Debug\.NETFramework,Version=v4.5.AssemblyAttributes.obj
F:\2nd Networks Project\TokenRingGUI\TokenRingGUI\Debug\cl.command.1.tlog
F:\2nd Networks Project\TokenRingGUI\TokenRingGUI\Debug\CL.read.1.tlog
F:\2nd Networks Project\TokenRingGUI\TokenRingGUI\Debug\CL.write.1.tlog
F:\2nd Networks Project\TokenRingGUI\TokenRingGUI\Debug\link.1836-cvtres.read.1.tlog
F:\2nd Networks Project\TokenRingGUI\TokenRingGUI\Debug\link.1836-cvtres.write.1.tlog
F:\2nd Networks Project\TokenRingGUI\TokenRingGUI\Debug\link.1836.read.1.tlog
F:\2nd Networks Project\TokenRingGUI\TokenRingGUI\Debug\link.1836.write.1.tlog
F:\2nd Networks Project\TokenRingGUI\TokenRingGUI\Debug\link.2464-cvtres.read.1.tlog
F:\2nd Networks Project\TokenRingGUI\TokenRingGUI\Debug\link.2464-cvtres.write.1.tlog
F:\2nd Networks Project\TokenRingGUI\TokenRingGUI\Debug\link.2464.read.1.tlog
F:\2nd Networks Project\TokenRingGUI\TokenRingGUI\Debug\link.2464.write.1.tlog
F:\2nd Networks Project\TokenRingGUI\TokenRingGUI\Debug\link.2516-cvtres.read.1.tlog
F:\2nd Networks Project\TokenRingGUI\TokenRingGUI\Debug\link.2516-cvtres.write.1.tlog
F:\2nd Networks Project\TokenRingGUI\TokenRingGUI\Debug\link.2516.read.1.tlog
F:\2nd Networks Project\TokenRingGUI\TokenRingGUI\Debug\link.2516.write.1.tlog
F:\2nd Networks Project\TokenRingGUI\TokenRingGUI\Debug\link.3252-cvtres.read.1.tlog
F:\2nd Networks Project\TokenRingGUI\TokenRingGUI\Debug\link.3252-cvtres.write.1.tlog
F:\2nd Networks Project\TokenRingGUI\TokenRingGUI\Debug\link.3252.read.1.tlog
F:\2nd Networks Project\TokenRingGUI\TokenRingGUI\Debug\link.3252.write.1.tlog
F:\2nd Networks Project\TokenRingGUI\TokenRingGUI\Debug\link.3692-cvtres.read.1.tlog
F:\2nd Networks Project\TokenRingGUI\TokenRingGUI\Debug\link.3692-cvtres.write.1.tlog
F:\2nd Networks Project\TokenRingGUI\TokenRingGUI\Debug\link.3692.read.1.tlog
F:\2nd Networks Project\TokenRingGUI\TokenRingGUI\Debug\link.3692.write.1.tlog
F:\2nd Networks Project\TokenRingGUI\TokenRingGUI\Debug\link.3940-cvtres.read.1.tlog
F:\2nd Networks Project\TokenRingGUI\TokenRingGUI\Debug\link.3940-cvtres.write.1.tlog
F:\2nd Networks Project\TokenRingGUI\TokenRingGUI\Debug\link.3940.read.1.tlog
F:\2nd Networks Project\TokenRingGUI\TokenRingGUI\Debug\link.3940.write.1.tlog
F:\2nd Networks Project\TokenRingGUI\TokenRingGUI\Debug\link.4024-cvtres.read.1.tlog
F:\2nd Networks Project\TokenRingGUI\TokenRingGUI\Debug\link.4024-cvtres.write.1.tlog
F:\2nd Networks Project\TokenRingGUI\TokenRingGUI\Debug\link.4024.read.1.tlog
F:\2nd Networks Project\TokenRingGUI\TokenRingGUI\Debug\link.4024.write.1.tlog
F:\2nd Networks Project\TokenRingGUI\TokenRingGUI\Debug\link.4044-cvtres.read.1.tlog
F:\2nd Networks Project\TokenRingGUI\TokenRingGUI\Debug\link.4044-cvtres.write.1.tlog
F:\2nd Networks Project\TokenRingGUI\TokenRingGUI\Debug\link.4044.read.1.tlog
F:\2nd Networks Project\TokenRingGUI\TokenRingGUI\Debug\link.4044.write.1.tlog
F:\2nd Networks Project\TokenRingGUI\TokenRingGUI\Debug\link.4124-cvtres.read.1.tlog
F:\2nd Networks Project\TokenRingGUI\TokenRingGUI\Debug\link.4124-cvtres.write.1.tlog
F:\2nd Networks Project\TokenRingGUI\TokenRingGUI\Debug\link.4124.read.1.tlog
F:\2nd Networks Project\TokenRingGUI\TokenRingGUI\Debug\link.4124.write.1.tlog
F:\2nd Networks Project\TokenRingGUI\TokenRingGUI\Debug\link.4272-cvtres.read.1.tlog
F:\2nd Networks Project\TokenRingGUI\TokenRingGUI\Debug\link.4272-cvtres.write.1.tlog
F:\2nd Networks Project\TokenRingGUI\TokenRingGUI\Debug\link.4272.read.1.tlog
F:\2nd Networks Project\TokenRingGUI\TokenRingGUI\Debug\link.4272.write.1.tlog
F:\2nd Networks Project\TokenRingGUI\TokenRingGUI\Debug\link.4316-cvtres.read.1.tlog
F:\2nd Networks Project\TokenRingGUI\TokenRingGUI\Debug\link.4316-cvtres.write.1.tlog
F:\2nd Networks Project\TokenRingGUI\TokenRingGUI\Debug\link.4316.read.1.tlog
F:\2nd Networks Project\TokenRingGUI\TokenRingGUI\Debug\link.4316.write.1.tlog
F:\2nd Networks Project\TokenRingGUI\TokenRingGUI\Debug\link.4504-cvtres.read.1.tlog
F:\2nd Networks Project\TokenRingGUI\TokenRingGUI\Debug\link.4504-cvtres.write.1.tlog
F:\2nd Networks Project\TokenRingGUI\TokenRingGUI\Debug\link.4504.read.1.tlog
F:\2nd Networks Project\TokenRingGUI\TokenRingGUI\Debug\link.4504.write.1.tlog
F:\2nd Networks Project\TokenRingGUI\TokenRingGUI\Debug\link.4576-cvtres.read.1.tlog
F:\2nd Networks Project\TokenRingGUI\TokenRingGUI\Debug\link.4576-cvtres.write.1.tlog
F:\2nd Networks Project\TokenRingGUI\TokenRingGUI\Debug\link.4576.read.1.tlog
F:\2nd Networks Project\TokenRingGUI\TokenRingGUI\Debug\link.4576.write.1.tlog
F:\2nd Networks Project\TokenRingGUI\TokenRingGUI\Debug\link.4644-cvtres.read.1.tlog
F:\2nd Networks Project\TokenRingGUI\TokenRingGUI\Debug\link.4644-cvtres.write.1.tlog
F:\2nd Networks Project\TokenRingGUI\TokenRingGUI\Debug\link.4644.read.1.tlog
F:\2nd Networks Project\TokenRingGUI\TokenRingGUI\Debug\link.4644.write.1.tlog
F:\2nd Networks Project\TokenRingGUI\TokenRingGUI\Debug\link.5412-cvtres.read.1.tlog
F:\2nd Networks Project\TokenRingGUI\TokenRingGUI\Debug\link.5412-cvtres.write.1.tlog
F:\2nd Networks Project\TokenRingGUI\TokenRingGUI\Debug\link.5412.read.1.tlog
F:\2nd Networks Project\TokenRingGUI\TokenRingGUI\Debug\link.5412.write.1.tlog
F:\2nd Networks Project\TokenRingGUI\TokenRingGUI\Debug\link.6152-cvtres.read.1.tlog
F:\2nd Networks Project\TokenRingGUI\TokenRingGUI\Debug\link.6152-cvtres.write.1.tlog
F:\2nd Networks Project\TokenRingGUI\TokenRingGUI\Debug\link.6152.read.1.tlog
F:\2nd Networks Project\TokenRingGUI\TokenRingGUI\Debug\link.6152.write.1.tlog
F:\2nd Networks Project\TokenRingGUI\TokenRingGUI\Debug\link.6632-cvtres.read.1.tlog
F:\2nd Networks Project\TokenRingGUI\TokenRingGUI\Debug\link.6632-cvtres.write.1.tlog
F:\2nd Networks Project\TokenRingGUI\TokenRingGUI\Debug\link.6632.read.1.tlog
F:\2nd Networks Project\TokenRingGUI\TokenRingGUI\Debug\link.6632.write.1.tlog
F:\2nd Networks Project\TokenRingGUI\TokenRingGUI\Debug\link.676-cvtres.read.1.tlog
F:\2nd Networks Project\TokenRingGUI\TokenRingGUI\Debug\link.676-cvtres.write.1.tlog
F:\2nd Networks Project\TokenRingGUI\TokenRingGUI\Debug\link.676.read.1.tlog
F:\2nd Networks Project\TokenRingGUI\TokenRingGUI\Debug\link.676.write.1.tlog
F:\2nd Networks Project\TokenRingGUI\TokenRingGUI\Debug\link.6792-cvtres.read.1.tlog
F:\2nd Networks Project\TokenRingGUI\TokenRingGUI\Debug\link.6792-cvtres.write.1.tlog
F:\2nd Networks Project\TokenRingGUI\TokenRingGUI\Debug\link.6792.read.1.tlog
F:\2nd Networks Project\TokenRingGUI\TokenRingGUI\Debug\link.6792.write.1.tlog
F:\2nd Networks Project\TokenRingGUI\TokenRingGUI\Debug\link.6940-cvtres.read.1.tlog
F:\2nd Networks Project\TokenRingGUI\TokenRingGUI\Debug\link.6940-cvtres.write.1.tlog
F:\2nd Networks Project\TokenRingGUI\TokenRingGUI\Debug\link.6940.read.1.tlog
F:\2nd Networks Project\TokenRingGUI\TokenRingGUI\Debug\link.6940.write.1.tlog
F:\2nd Networks Project\TokenRingGUI\TokenRingGUI\Debug\link.7392-cvtres.read.1.tlog
F:\2nd Networks Project\TokenRingGUI\TokenRingGUI\Debug\link.7392-cvtres.write.1.tlog
F:\2nd Networks Project\TokenRingGUI\TokenRingGUI\Debug\link.7392.read.1.tlog
F:\2nd Networks Project\TokenRingGUI\TokenRingGUI\Debug\link.7392.write.1.tlog
F:\2nd Networks Project\TokenRingGUI\TokenRingGUI\Debug\link.7488-cvtres.read.1.tlog
F:\2nd Networks Project\TokenRingGUI\TokenRingGUI\Debug\link.7488-cvtres.write.1.tlog
F:\2nd Networks Project\TokenRingGUI\TokenRingGUI\Debug\link.7488.read.1.tlog
F:\2nd Networks Project\TokenRingGUI\TokenRingGUI\Debug\link.7488.write.1.tlog
F:\2nd Networks Project\TokenRingGUI\TokenRingGUI\Debug\link.7492-cvtres.read.1.tlog
F:\2nd Networks Project\TokenRingGUI\TokenRingGUI\Debug\link.7492-cvtres.write.1.tlog
F:\2nd Networks Project\TokenRingGUI\TokenRingGUI\Debug\link.7492.read.1.tlog
F:\2nd Networks Project\TokenRingGUI\TokenRingGUI\Debug\link.7492.write.1.tlog
F:\2nd Networks Project\TokenRingGUI\TokenRingGUI\Debug\link.7884-cvtres.read.1.tlog
F:\2nd Networks Project\TokenRingGUI\TokenRingGUI\Debug\link.7884-cvtres.write.1.tlog
F:\2nd Networks Project\TokenRingGUI\TokenRingGUI\Debug\link.7884.read.1.tlog
F:\2nd Networks Project\TokenRingGUI\TokenRingGUI\Debug\link.7884.write.1.tlog
F:\2nd Networks Project\TokenRingGUI\TokenRingGUI\Debug\link.8064-cvtres.read.1.tlog
F:\2nd Networks Project\TokenRingGUI\TokenRingGUI\Debug\link.8064-cvtres.write.1.tlog
F:\2nd Networks Project\TokenRingGUI\TokenRingGUI\Debug\link.8064.read.1.tlog
F:\2nd Networks Project\TokenRingGUI\TokenRingGUI\Debug\link.8064.write.1.tlog
F:\2nd Networks Project\TokenRingGUI\TokenRingGUI\Debug\link.8328-cvtres.read.1.tlog
F:\2nd Networks Project\TokenRingGUI\TokenRingGUI\Debug\link.8328-cvtres.write.1.tlog
F:\2nd Networks Project\TokenRingGUI\TokenRingGUI\Debug\link.8328.read.1.tlog
F:\2nd Networks Project\TokenRingGUI\TokenRingGUI\Debug\link.8328.write.1.tlog
F:\2nd Networks Project\TokenRingGUI\TokenRingGUI\Debug\link.8740-cvtres.read.1.tlog
F:\2nd Networks Project\TokenRingGUI\TokenRingGUI\Debug\link.8740-cvtres.write.1.tlog
F:\2nd Networks Project\TokenRingGUI\TokenRingGUI\Debug\link.8740.read.1.tlog
F:\2nd Networks Project\TokenRingGUI\TokenRingGUI\Debug\link.8740.write.1.tlog
F:\2nd Networks Project\TokenRingGUI\TokenRingGUI\Debug\link.command.1.tlog
F:\2nd Networks Project\TokenRingGUI\TokenRingGUI\Debug\link.read.1.tlog
F:\2nd Networks Project\TokenRingGUI\TokenRingGUI\Debug\link.write.1.tlog
F:\2nd Networks Project\TokenRingGUI\TokenRingGUI\Debug\metagen.read.1.tlog
F:\2nd Networks Project\TokenRingGUI\TokenRingGUI\Debug\metagen.write.1.tlog
F:\2nd Networks Project\TokenRingGUI\TokenRingGUI\Debug\mt.command.1.tlog
F:\2nd Networks Project\TokenRingGUI\TokenRingGUI\Debug\mt.read.1.tlog
F:\2nd Networks Project\TokenRingGUI\TokenRingGUI\Debug\mt.write.1.tlog
F:\2nd Networks Project\TokenRingGUI\TokenRingGUI\Debug\rc.command.1.tlog
F:\2nd Networks Project\TokenRingGUI\TokenRingGUI\Debug\rc.read.1.tlog
F:\2nd Networks Project\TokenRingGUI\TokenRingGUI\Debug\rc.write.1.tlog
F:\2nd Networks Project\TokenRingGUI\TokenRingGUI\Debug\link.2328-rc.read.1.tlog
F:\2nd Networks Project\TokenRingGUI\TokenRingGUI\Debug\link.2328-rc.write.1.tlog
F:\2nd Networks Project\TokenRingGUI\TokenRingGUI\Debug\TokenRingGUI.write.1.tlog
F:\2nd Networks Project\TokenRingGUI\TokenRingGUI\Debug\link.2328-cvtres.read.1.tlog
F:\2nd Networks Project\TokenRingGUI\TokenRingGUI\Debug\link.2328-cvtres.write.1.tlog
F:\2nd Networks Project\TokenRingGUI\TokenRingGUI\Debug\link.2328.read.1.tlog
F:\2nd Networks Project\TokenRingGUI\TokenRingGUI\Debug\link.2328.write.1.tlog
F:\2nd Networks Project\TokenRingGUI\TokenRingGUI\Debug\TokenRingGUI.exe.intermediate.manifest
F:\2nd Networks Project\TokenRingGUI\TokenRingGUI\Debug\app.res
F:\2nd Networks Project\TokenRingGUI\TokenRingGUI\Debug\TokenRingGUI.pch
F:\2nd Networks Project\TokenRingGUI\TokenRingGUI\Debug\vc100.pdb
F:\2nd Networks Project\TokenRingGUI\TokenRingGUI\Debug\vc110.pdb
F:\2nd Networks Project\TokenRingGUI\TokenRingGUI\Debug\SYSTEM.CORE.DLL.metagen
F:\2nd Networks Project\TokenRingGUI\TokenRingGUI\Debug\SYSTEM.DATA.DLL.metagen
F:\2nd Networks Project\TokenRingGUI\TokenRingGUI\Debug\SYSTEM.DLL.metagen
F:\2nd Networks Project\TokenRingGUI\TokenRingGUI\Debug\SYSTEM.DRAWING.DLL.metagen
F:\2nd Networks Project\TokenRingGUI\TokenRingGUI\Debug\SYSTEM.XML.DLL.metagen
F:\2nd Networks Project\TokenRingGUI\TokenRingGUI\Debug\MICROSOFT.VISUALC.DLL.metagen
F:\2nd Networks Project\TokenRingGUI\TokenRingGUI\Debug\RSAENH.DLL.bi
F:\2nd Networks Project\TokenRingGUI\TokenRingGUI\Debug\TZRES.DLL.bi
F:\2nd Networks Project\TokenRingGUI\Debug\TokenRingGUI.pdb
F:\2nd Networks Project\TokenRingGUI\Debug\TokenRingGUI.ilk
